Using pre-set license
Built from '2020.2/release' branch; Version is '2020.2.1f1 (270dd8c3da1c) revision 2559448'; Using compiler version '192528614'; Build Type 'Release'
OS: 'Windows 10  (10.0.0) 64bit' Language: 'ru' Physical Memory: 32709 MB
BatchMode: 1, IsHumanControllingUs: 0, StartBugReporterOnCrash: 0, Is64bit: 1, IsPro: 0

 COMMAND LINE ARGUMENTS:
G:\Новая папка (2)\2020.2.1f1\Editor\Unity.exe
-adb2
-batchMode
-noUpm
-name
AssetImportWorker0
-projectPath
F:/testgame
-logFile
Logs/AssetImportWorker0.log
-srvPort
52292
Successfully changed project path to: F:/testgame
F:/testgame
Using Asset Import Pipeline V2.
Refreshing native plugins compatible for Editor in 37.72 ms, found 0 plugins.
Preloading 0 native plugins for Editor in 0.00 ms.
Initialize engine version: 2020.2.1f1 (270dd8c3da1c)
[Subsystems] Discovering subsystems at path G:/Новая папка (2)/2020.2.1f1/Editor/Data/Resources/UnitySubsystems
[Subsystems] Discovering subsystems at path F:/testgame/Assets
GfxDevice: creating device client; threaded=0
Direct3D:
    Version:  Direct3D 11.0 [level 11.1]
    Renderer: NVIDIA GeForce RTX 2060 (ID=0x1f08)
    Vendor:   
    VRAM:     5980 MB
    Driver:   27.21.14.5751
Shader 'Universal Render Pipeline/Particles/Lit': fallback shader 'Universal Render Pipeline/Particles/SimpleLit' not found
Initialize mono
Mono path[0] = 'G:/Новая папка (2)/2020.2.1f1/Editor/Data/Managed'
Mono path[1] = 'G:/Новая папка (2)/2020.2.1f1/Editor/Data/MonoBleedingEdge/lib/mono/unityjit'
Mono config path = 'G:/Новая папка (2)/2020.2.1f1/Editor/Data/MonoBleedingEdge/etc'
Using monoOptions --debugger-agent=transport=dt_socket,embedding=1,server=y,suspend=n,address=127.0.0.1:56236
Begin MonoManager ReloadAssembly
Registering precompiled unity dll's ...
Register platform support module: G:/Новая папка (2)/2020.2.1f1/Editor/Data/PlaybackEngines/WindowsStandaloneSupport/UnityEditor.WindowsStandalone.Extensions.dll
Registered in 0.001102 seconds.
Native extension for WindowsStandalone target not found
Refreshing native plugins compatible for Editor in 40.37 ms, found 0 plugins.
Preloading 0 native plugins for Editor in 0.00 ms.
Invoked RoslynAnalysisRunner static constructor.
RoslynAnalysisRunner will not be running.
RoslynAnalysisRunner has terminated.
Mono: successfully reloaded assembly
- Completed reload, in  1.218 seconds
Platform modules already initialized, skipping
Registering precompiled user dll's ...
Registered in 0.001149 seconds.
Begin MonoManager ReloadAssembly
Native extension for WindowsStandalone target not found
Refreshing native plugins compatible for Editor in 40.27 ms, found 0 plugins.
Preloading 0 native plugins for Editor in 0.00 ms.
Invoked RoslynAnalysisRunner static constructor.
RoslynAnalysisRunner will not be running.
RoslynAnalysisRunner has terminated.
Mono: successfully reloaded assembly
- Completed reload, in  0.868 seconds
Platform modules already initialized, skipping
========================================================================
Worker process is ready to serve import requests
Shader 'Universal Render Pipeline/Particles/Lit': fallback shader 'Universal Render Pipeline/Particles/SimpleLit' not found
Launched and connected shader compiler UnityShaderCompiler.exe after 0.03 seconds
Refreshing native plugins compatible for Editor in 0.39 ms, found 0 plugins.
Preloading 0 native plugins for Editor in 0.00 ms.
Unloading 2404 Unused Serialized files (Serialized files now loaded: 0)
System memory in use before: 114.8 MB.
System memory in use after: 115.0 MB.

Unloading 10 unused Assets to reduce memory usage. Loaded Objects now: 2854.
Total: 2.244900 ms (FindLiveObjects: 0.515400 ms CreateObjectMapping: 0.167500 ms MarkObjects: 1.506700 ms  DeleteObjects: 0.054200 ms)

========================================================================
Received Import Request.
  path: Assets/Scenes/3D Code.unity
  artifactKey: Guid(9fc0d4010bbf28b4594072e72b8655ab) Importer(815301076,1909f56bfc062723c751e8b465ee728b)
Start importing Assets/Scenes/3D Code.unity using Guid(9fc0d4010bbf28b4594072e72b8655ab) Importer(815301076,1909f56bfc062723c751e8b465ee728b)  -> (artifact id: '3ffd23f8b785d99088f1c6dc1aa59937') in 0.009219 seconds
  Import took 0.012538 seconds .

========================================================================
Received Prepare
Registering precompiled user dll's ...
Registered in 0.001244 seconds.
Begin MonoManager ReloadAssembly
Native extension for WindowsStandalone target not found
Refreshing native plugins compatible for Editor in 0.37 ms, found 0 plugins.
Preloading 0 native plugins for Editor in 0.00 ms.
Invoked RoslynAnalysisRunner static constructor.
RoslynAnalysisRunner will not be running.
RoslynAnalysisRunner has terminated.
Mono: successfully reloaded assembly
- Completed reload, in  0.840 seconds
Platform modules already initialized, skipping
Shader 'Universal Render Pipeline/Particles/Lit': fallback shader 'Universal Render Pipeline/Particles/SimpleLit' not found
Refreshing native plugins compatible for Editor in 0.38 ms, found 0 plugins.
Preloading 0 native plugins for Editor in 0.00 ms.
Unloading 2291 Unused Serialized files (Serialized files now loaded: 0)
System memory in use before: 109.1 MB.
System memory in use after: 109.3 MB.

Unloading 5 unused Assets to reduce memory usage. Loaded Objects now: 2858.
Total: 2.365300 ms (FindLiveObjects: 0.257600 ms CreateObjectMapping: 0.126200 ms MarkObjects: 1.960600 ms  DeleteObjects: 0.019800 ms)

========================================================================
Received Import Request.
  Time since last request: 66.416632 seconds.
  path: Assets/Scripts/Player
  artifactKey: Guid(c0cf83d47ac67f848b04d2bf6c95677b) Importer(815301076,1909f56bfc062723c751e8b465ee728b)
Start importing Assets/Scripts/Player using Guid(c0cf83d47ac67f848b04d2bf6c95677b) Importer(815301076,1909f56bfc062723c751e8b465ee728b)  -> (artifact id: '75a4544c05c1ef7ffb46664d2660f3fc') in 0.004085 seconds
  Import took 0.007694 seconds .

========================================================================
Received Import Request.
  Time since last request: 1.385933 seconds.
  path: Assets/Scripts/Player/WallRunTutorialScript.cs
  artifactKey: Guid(2613c2f62bf38d94ca66a5125643f2a9) Importer(815301076,1909f56bfc062723c751e8b465ee728b)
Start importing Assets/Scripts/Player/WallRunTutorialScript.cs using Guid(2613c2f62bf38d94ca66a5125643f2a9) Importer(815301076,1909f56bfc062723c751e8b465ee728b)  -> (artifact id: '83989429d15fc5cbfef1be5cbe1d9043') in 0.020592 seconds
  Import took 0.023930 seconds .

========================================================================
Received Import Request.
  Time since last request: 0.001355 seconds.
  path: Assets/Scripts/Player/WallRunTutorialScript.cs
  artifactKey: Guid(2613c2f62bf38d94ca66a5125643f2a9) Importer(815301076,1909f56bfc062723c751e8b465ee728b)
Start importing Assets/Scripts/Player/WallRunTutorialScript.cs using Guid(2613c2f62bf38d94ca66a5125643f2a9) Importer(815301076,1909f56bfc062723c751e8b465ee728b)  -> (artifact id: '83989429d15fc5cbfef1be5cbe1d9043') in 0.001571 seconds
  Import took 0.005083 seconds .

========================================================================
Received Import Request.
  Time since last request: 1.236371 seconds.
  path: Assets/Scripts/Player/WallRunTutorial.cs
  artifactKey: Guid(3eacf2e308c846547b215ae57a982b71) Importer(815301076,1909f56bfc062723c751e8b465ee728b)
Start importing Assets/Scripts/Player/WallRunTutorial.cs using Guid(3eacf2e308c846547b215ae57a982b71) Importer(815301076,1909f56bfc062723c751e8b465ee728b)  -> (artifact id: 'c3556582301f827c96c60077125aab8e') in 0.001355 seconds
  Import took 0.004571 seconds .

========================================================================
Received Import Request.
  Time since last request: 0.001004 seconds.
  path: Assets/Scripts/Player/WallRunTutorial.cs
  artifactKey: Guid(3eacf2e308c846547b215ae57a982b71) Importer(815301076,1909f56bfc062723c751e8b465ee728b)
Start importing Assets/Scripts/Player/WallRunTutorial.cs using Guid(3eacf2e308c846547b215ae57a982b71) Importer(815301076,1909f56bfc062723c751e8b465ee728b)  -> (artifact id: 'c3556582301f827c96c60077125aab8e') in 0.001527 seconds
  Import took 0.004831 seconds .

========================================================================
Received Import Request.
  Time since last request: 48.445390 seconds.
  path: Assets/Scripts/ClimbWall.cs
  artifactKey: Guid(a5d68f8bdbd05804ab225343d6705113) Importer(815301076,1909f56bfc062723c751e8b465ee728b)
Start importing Assets/Scripts/ClimbWall.cs using Guid(a5d68f8bdbd05804ab225343d6705113) Importer(815301076,1909f56bfc062723c751e8b465ee728b)  -> (artifact id: 'f1d307b364471e87e3434a57f5601cdf') in 0.001869 seconds
  Import took 0.006064 seconds .

========================================================================
Received Import Request.
  Time since last request: 10.532962 seconds.
  path: Assets/Scripts/Zipline.cs
  artifactKey: Guid(76ad4fb69c5f3c44d87e44905db32950) Importer(815301076,1909f56bfc062723c751e8b465ee728b)
Start importing Assets/Scripts/Zipline.cs using Guid(76ad4fb69c5f3c44d87e44905db32950) Importer(815301076,1909f56bfc062723c751e8b465ee728b)  -> (artifact id: 'ae784bd015689baf8532f0b533173b59') in 0.001811 seconds
  Import took 0.006223 seconds .

